<?xml version="1.0" encoding="UTF-8"?>
<!-- Generated by org.testng.reporters.JUnitReportReporter -->
<testsuite hostname="VEER" failures="0" tests="1" name="Project1_Amazon.final_Project.TestCase1" time="27.202" errors="0" timestamp="2024-07-11T11:34:29 IST" skipped="0">
  <testcase classname="Project1_Amazon.final_Project.TestCase1" name="login_to_amazon" time="27.202"/>
</testsuite> <!-- Project1_Amazon.final_Project.TestCase1 -->
