<?xml version="1.0" encoding="UTF-8"?>
<!-- Generated by org.testng.reporters.JUnitReportReporter -->
<testsuite hostname="VEER" failures="0" tests="1" name="Project1_Amazon.final_Project.TestCase11" time="87.128" errors="0" timestamp="2024-07-25T08:21:02 IST" skipped="0">
  <testcase classname="Project1_Amazon.final_Project.TestCase11" name="checkOut" time="87.128"/>
  <system-out>
    <![CDATA[Test case Ppassed]]>
  </system-out>
</testsuite> <!-- Project1_Amazon.final_Project.TestCase11 -->
