<?xml version="1.0" encoding="UTF-8"?>
<!-- Generated by org.testng.reporters.JUnitReportReporter -->
<testsuite hostname="VEER" failures="0" tests="1" name="Project1_Amazon.final_Project.TestCase2" time="35.831" errors="0" timestamp="2024-07-19T20:11:28 IST" skipped="0">
  <testcase classname="Project1_Amazon.final_Project.TestCase2" name="login_to_amazon" time="35.831"/>
</testsuite> <!-- Project1_Amazon.final_Project.TestCase2 -->
