<?xml version="1.0" encoding="UTF-8"?>
<!-- Generated by org.testng.reporters.JUnitReportReporter -->
<testsuite hostname="VEER" failures="0" tests="1" name="Project1_Amazon.final_Project.TestCase03" time="20.698" errors="0" timestamp="2024-07-24T19:03:04 IST" skipped="0">
  <testcase classname="Project1_Amazon.final_Project.TestCase03" name="login_to_amazon_usingInvalidCredentials" time="20.698"/>
  <system-out>
    <![CDATA[Test case Ppassed]]>
  </system-out>
</testsuite> <!-- Project1_Amazon.final_Project.TestCase03 -->
