<?xml version="1.0" encoding="UTF-8"?>
<!-- Generated by org.testng.reporters.JUnitReportReporter -->
<testsuite hostname="VEER" failures="0" tests="1" name="Project1_Amazon.final_Project.TestCase06" time="28.288" errors="0" timestamp="2024-07-25T07:07:16 IST" skipped="0">
  <testcase classname="Project1_Amazon.final_Project.TestCase06" name="searchingWithFilters" time="28.288"/>
  <system-out>
    <![CDATA[Test case Ppassed]]>
  </system-out>
</testsuite> <!-- Project1_Amazon.final_Project.TestCase06 -->
