<?xml version="1.0" encoding="UTF-8"?>
<!-- Generated by org.testng.reporters.JUnitReportReporter -->
<testsuite hostname="VEER" failures="0" tests="1" name="Project1_Amazon.final_Project.TestCase12" time="129.928" errors="0" timestamp="2024-07-22T15:39:13 IST" skipped="0">
  <testcase classname="Project1_Amazon.final_Project.TestCase12" name="payment" time="129.928"/>
</testsuite> <!-- Project1_Amazon.final_Project.TestCase12 -->
