<?xml version="1.0" encoding="UTF-8"?>
<!-- Generated by org.testng.reporters.JUnitReportReporter -->
<testsuite hostname="VEER" failures="0" tests="1" name="Project1_Amazon.final_Project.TestCase_01" time="23.222" errors="0" timestamp="2024-07-12T17:24:07 IST" skipped="0">
  <testcase classname="Project1_Amazon.final_Project.TestCase_01" name="register_on_Amazon" time="23.222"/>
</testsuite> <!-- Project1_Amazon.final_Project.TestCase_01 -->
