<?xml version="1.0" encoding="UTF-8"?>
<!-- Generated by org.testng.reporters.JUnitReportReporter -->
<testsuite hostname="VEER" failures="0" tests="1" name="Project1_Amazon.final_Project.TestCase5" time="43.404" errors="0" timestamp="2024-07-21T15:23:07 IST" skipped="0">
  <testcase classname="Project1_Amazon.final_Project.TestCase5" name="searching_product" time="43.404"/>
</testsuite> <!-- Project1_Amazon.final_Project.TestCase5 -->
