<?xml version="1.0" encoding="UTF-8"?>
<!-- Generated by org.testng.reporters.JUnitReportReporter -->
<testsuite hostname="VEER" failures="0" tests="4" name="Project1_Amazon.final_Project.TestCase02" time="102.385" errors="0" timestamp="2024-07-24T19:03:04 IST" skipped="3">
  <testcase classname="Project1_Amazon.final_Project.TestCase02" name="login_to_amazon" time="24.586">
    <skipped/>
  </testcase> <!-- login_to_amazon -->
  <system-out/>
  <testcase classname="Project1_Amazon.final_Project.TestCase02" name="login_to_amazon" time="24.071">
    <skipped/>
  </testcase> <!-- login_to_amazon -->
  <system-out/>
  <testcase classname="Project1_Amazon.final_Project.TestCase02" name="login_to_amazon" time="31.327"/>
  <system-out>
    <![CDATA[Test case Ppassed]]>
  </system-out>
  <testcase classname="Project1_Amazon.final_Project.TestCase02" name="login_to_amazon" time="22.401">
    <skipped/>
  </testcase> <!-- login_to_amazon -->
  <system-out/>
</testsuite> <!-- Project1_Amazon.final_Project.TestCase02 -->
