<?xml version="1.0" encoding="UTF-8"?>
<!-- Generated by org.testng.reporters.JUnitReportReporter -->
<testsuite hostname="VEER" failures="0" tests="1" name="Project1_Amazon.final_Project.TestCase8" time="39.915" errors="0" timestamp="2024-07-21T17:05:27 IST" skipped="0">
  <testcase classname="Project1_Amazon.final_Project.TestCase8" name="searching_bySort" time="39.915"/>
</testsuite> <!-- Project1_Amazon.final_Project.TestCase8 -->
