<?xml version="1.0" encoding="UTF-8"?>
<!-- Generated by org.testng.reporters.JUnitReportReporter -->
<testsuite hostname="VEER" failures="0" tests="2" name="airLine.final_Project2.TestCase06" time="47.286" errors="0" timestamp="2024-08-07T07:35:17 IST" skipped="1">
  <testcase classname="airLine.final_Project2.TestCase06" name="economyBussinessFirstClass" time="18.179">
    <skipped/>
  </testcase> <!-- economyBussinessFirstClass -->
  <system-out/>
  <testcase classname="airLine.final_Project2.TestCase06" name="economyBussinessFirstClass" time="29.107"/>
  <system-out>
    <![CDATA[Test case Ppassed]]>
  </system-out>
</testsuite> <!-- airLine.final_Project2.TestCase06 -->
