<?xml version="1.0" encoding="UTF-8"?>
<!-- Generated by org.testng.reporters.JUnitReportReporter -->
<testsuite hostname="VEER" failures="0" tests="1" name="Project1_Amazon.final_Project.TestCase01" time="47.042" errors="0" timestamp="2024-07-24T20:00:28 IST" skipped="0">
  <testcase classname="Project1_Amazon.final_Project.TestCase01" name="register_on_Amazon" time="47.042"/>
  <system-out>
    <![CDATA[Test case Ppassed]]>
  </system-out>
</testsuite> <!-- Project1_Amazon.final_Project.TestCase01 -->
