<?xml version="1.0" encoding="UTF-8"?>
<!-- Generated by org.testng.reporters.JUnitReportReporter -->
<testsuite hostname="VEER" failures="0" tests="1" name="airLine.final_Project2.TestCase09" time="36.974" errors="0" timestamp="2024-08-07T07:35:17 IST" skipped="0">
  <testcase classname="airLine.final_Project2.TestCase09" name="multiplePassengers" time="36.974"/>
  <system-out>
    <![CDATA[Test case Ppassed]]>
  </system-out>
</testsuite> <!-- airLine.final_Project2.TestCase09 -->
