<?xml version="1.0" encoding="UTF-8"?>
<!-- Generated by org.testng.reporters.JUnitReportReporter -->
<testsuite hostname="VEER" failures="0" tests="1" name="Project1_Amazon.final_Project.TestCase08" time="33.415" errors="0" timestamp="2024-07-25T07:52:37 IST" skipped="0">
  <testcase classname="Project1_Amazon.final_Project.TestCase08" name="searching_bySort" time="33.415"/>
  <system-out>
    <![CDATA[Test case Ppassed]]>
  </system-out>
</testsuite> <!-- Project1_Amazon.final_Project.TestCase08 -->
