<?xml version="1.0" encoding="UTF-8"?>
<!-- Generated by org.testng.reporters.JUnitReportReporter -->
<testsuite hostname="VEER" failures="0" tests="1" name="Project1_Amazon.final_Project.TestCase09" time="46.174" errors="0" timestamp="2024-07-21T17:07:51 IST" skipped="0">
  <testcase classname="Project1_Amazon.final_Project.TestCase09" name="addTOCart" time="46.174"/>
</testsuite> <!-- Project1_Amazon.final_Project.TestCase09 -->
