<?xml version="1.0" encoding="UTF-8"?>
<!-- Generated by org.testng.reporters.JUnitReportReporter -->
<testsuite hostname="VEER" failures="0" tests="1" name="Project1_Amazon.final_Project.TestCase_5" time="74.591" errors="0" timestamp="2024-07-11T19:35:49 IST" skipped="0">
  <testcase classname="Project1_Amazon.final_Project.TestCase_5" name="searching_product" time="74.591"/>
</testsuite> <!-- Project1_Amazon.final_Project.TestCase_5 -->
