<?xml version="1.0" encoding="UTF-8"?>
<!-- Generated by org.testng.reporters.JUnitReportReporter -->
<testsuite hostname="VEER" failures="0" tests="1" name="Project1_Amazon.final_Project.TestCase3" time="26.511" errors="0" timestamp="2024-07-12T17:11:49 IST" skipped="0">
  <testcase classname="Project1_Amazon.final_Project.TestCase3" name="login_to_amazon" time="26.511"/>
</testsuite> <!-- Project1_Amazon.final_Project.TestCase3 -->
